time="2024-08-26T13:47:41+07:00" level=info at="2024-08-26 13:47:41" ip="[::1]:39976" method=GET payload="map[]" uri="/api/data/filter?date=2024-08-22&city=Ciamis"
time="2024-08-26T14:03:11+07:00" level=info at="2024-08-26 14:03:11" ip="[::1]:50568" method=GET payload="map[]" uri="/api/data/filter?date=2024-08-22&city=Ciamis"
time="2024-08-26T14:04:02+07:00" level=info at="2024-08-26 14:04:02" ip="[::1]:44858" method=GET payload="map[]" uri="/api/data/filter?date=2024-08-22&city=Ciamis"
time="2024-08-26T14:04:02+07:00" level=info at="2024-08-26 14:04:02" ip="[::1]:44858" method=GET payload="map[]" uri="/api/data/filter?date=2024-08-22&city=Ciamis"
time="2024-08-26T14:04:26+07:00" level=info at="2024-08-26 14:04:26" ip="[::1]:48748" method=GET payload="map[]" uri="/api/data/filter?date=2024-08-22&city=Ciamis"
time="2024-08-26T14:04:26+07:00" level=info at="2024-08-26 14:04:26" ip="[::1]:48752" method=GET payload="map[]" uri="/api/data/filter?date=2024-08-22&city=Ciamis"
time="2024-08-26T14:04:28+07:00" level=info at="2024-08-26 14:04:28" ip="[::1]:48752" method=GET payload="map[]" uri="/api/data/filter?date=2024-08-22&city=Ciamis"
time="2024-08-26T14:04:28+07:00" level=info at="2024-08-26 14:04:28" ip="[::1]:48748" method=GET payload="map[]" uri="/api/data/filter?date=2024-08-22&city=Ciamis"
time="2024-08-26T14:04:48+07:00" level=info at="2024-08-26 14:04:48" ip="[::1]:56824" method=GET payload="map[]" uri="/api/data/filter?date=2024-08-22&city=Ciamis"
time="2024-08-26T14:04:48+07:00" level=info at="2024-08-26 14:04:48" ip="[::1]:56830" method=GET payload="map[]" uri="/api/data/filter?date=2024-08-22&city=Ciamis"
time="2024-08-26T14:05:02+07:00" level=info at="2024-08-26 14:05:02" ip="[::1]:49154" method=GET payload="map[]" uri="/api/data/filter?date=2024-08-22&city=Ciamis"
time="2024-08-26T14:05:02+07:00" level=info at="2024-08-26 14:05:02" ip="[::1]:49154" method=GET payload="map[]" uri="/api/data/filter?date=2024-08-22&city=Ciamis"
time="2024-08-26T14:05:05+07:00" level=info at="2024-08-26 14:05:05" ip="[::1]:49162" method=GET payload="map[]" uri="/api/data/filter?date=2024-08-22&city=Ciamis"
time="2024-08-26T14:05:05+07:00" level=info at="2024-08-26 14:05:05" ip="[::1]:49178" method=GET payload="map[]" uri="/api/data/filter?date=2024-08-22&city=Ciamis"
time="2024-08-26T14:11:46+07:00" level=info at="2024-08-26 14:11:46" ip="[::1]:47270" method=GET payload="map[]" uri="/api/data/filter?date=2024-08-22&city=Ciamis"
time="2024-08-26T14:16:23+07:00" level=info at="2024-08-26 14:16:23" ip="[::1]:43454" method=GET payload="map[]" uri="/api/data/filter?date=2024-08-22&city=Ciamis"
time="2024-08-26T14:16:23+07:00" level=info at="2024-08-26 14:16:23" ip="[::1]:43464" method=GET payload="map[]" uri="/api/data/filter?date=2024-08-22&city=Ciamis"
time="2024-08-26T14:16:40+07:00" level=info at="2024-08-26 14:16:40" ip="[::1]:58600" method=GET payload="map[]" uri="/api/data/filter?date=2024-08-22&city=Ciamis"
time="2024-08-26T14:16:40+07:00" level=info at="2024-08-26 14:16:40" ip="[::1]:58616" method=GET payload="map[]" uri="/api/data/filter?date=2024-08-22&city=Ciamis"
time="2024-08-26T14:28:06+07:00" level=info at="2024-08-26 14:28:06" ip="[::1]:34464" method=GET payload="map[]" uri="/api/data/filter?date=2024-08-22&city=Ciamis"
time="2024-08-26T14:28:06+07:00" level=info at="2024-08-26 14:28:06" ip="[::1]:34468" method=GET payload="map[]" uri="/api/data/filter?date=2024-08-22&city=Ciamis"
time="2024-08-26T14:28:07+07:00" level=info at="2024-08-26 14:28:07" ip="[::1]:34468" method=GET payload="map[]" uri="/api/data/filter?date=2024-08-22&city=Ciamis"
time="2024-08-26T14:28:07+07:00" level=info at="2024-08-26 14:28:07" ip="[::1]:34464" method=GET payload="map[]" uri="/api/data/filter?date=2024-08-22&city=Ciamis"
time="2024-08-26T14:28:41+07:00" level=info at="2024-08-26 14:28:41" ip="[::1]:34464" method=GET payload="map[]" uri="/api/data/filter?date=2024-08-22&city=Ciamis"
time="2024-08-26T14:28:41+07:00" level=info at="2024-08-26 14:28:41" ip="[::1]:34464" method=GET payload="map[]" uri="/api/data/filter?date=2024-08-22&city=Ciamis"
time="2024-08-26T14:28:47+07:00" level=info at="2024-08-26 14:28:47" ip="[::1]:34464" method=GET payload="map[]" uri="/api/data/filter?date=2024-08-22&city=Ciamis"
time="2024-08-26T14:28:47+07:00" level=info at="2024-08-26 14:28:47" ip="[::1]:34464" method=GET payload="map[]" uri="/api/data/filter?date=2024-08-22&city=Ciamis"
time="2024-08-26T14:28:48+07:00" level=info at="2024-08-26 14:28:48" ip="[::1]:34464" method=GET payload="map[]" uri="/api/data/filter?date=2024-08-22&city=Ciamis"
time="2024-08-26T14:28:48+07:00" level=info at="2024-08-26 14:28:48" ip="[::1]:34468" method=GET payload="map[]" uri="/api/data/filter?date=2024-08-22&city=Ciamis"
time="2024-08-26T14:32:52+07:00" level=info at="2024-08-26 14:32:52" ip="[::1]:57090" method=GET payload="map[]" uri="/api/data/filter?date=2024-08-22&city=Ciamis"
time="2024-08-26T14:32:52+07:00" level=info at="2024-08-26 14:32:52" ip="[::1]:57094" method=GET payload="map[]" uri="/api/data/filter?date=2024-08-22&city=Ciamis"
time="2024-08-26T14:33:37+07:00" level=info at="2024-08-26 14:33:37" ip="[::1]:57094" method=GET payload="map[]" uri="/api/data/filter?date=2024-08-22&city=Ciamis"
time="2024-08-26T14:33:37+07:00" level=info at="2024-08-26 14:33:37" ip="[::1]:57090" method=GET payload="map[]" uri="/api/data/filter?date=2024-08-22&city=Ciamis"
time="2024-08-26T16:19:22+07:00" level=info at="2024-08-26 16:19:22" ip="[::1]:58624" method=GET payload="map[]" uri="/api/data/filter?date=2024-08-22&city=Ciamis"
time="2024-08-26T16:19:22+07:00" level=info at="2024-08-26 16:19:22" ip="[::1]:58626" method=GET payload="map[]" uri="/api/data/filter?date=2024-08-22&city=Ciamis"
time="2024-08-26T17:11:45+07:00" level=info at="2024-08-26 17:11:45" ip="[::1]:51126" method=GET payload="map[]" uri="/api/data/filter?date=2024-08-22&city=Ciamis"
time="2024-08-26T17:14:50+07:00" level=info at="2024-08-26 17:14:50" ip="[::1]:59724" method=GET payload="map[]" uri="/api/data/filter?date=2024-08-22&city=Ciamis"
time="2024-08-26T17:15:18+07:00" level=info at="2024-08-26 17:15:18" ip="[::1]:43046" method=GET payload="map[]" uri="/api/data/filter?date=2024-08-22&city=Ciamis"
time="2024-08-26T17:15:19+07:00" level=info at="2024-08-26 17:15:19" ip="[::1]:43046" method=GET payload="map[]" uri="/api/data/filter?date=2024-08-22&city=Ciamis"
time="2024-08-26T17:15:20+07:00" level=info at="2024-08-26 17:15:20" ip="[::1]:43046" method=GET payload="map[]" uri="/api/data/filter?date=2024-08-22&city=Ciamis"
time="2024-08-26T17:15:37+07:00" level=info at="2024-08-26 17:15:37" ip="[::1]:43046" method=GET payload="map[]" uri="/api/data/filter?date=2024-08-22&city=Ciamis"
time="2024-08-26T17:15:50+07:00" level=info at="2024-08-26 17:15:50" ip="[::1]:43046" method=GET payload="map[]" uri="/api/data/filter?date=2024-08-22&city=Ciamis"
time="2024-08-26T17:16:38+07:00" level=info at="2024-08-26 17:16:38" ip="[::1]:33656" method=GET payload="map[]" uri="/api/data/filter?date=2024-08-22&city=Ciamis"
time="2024-08-26T17:16:40+07:00" level=info at="2024-08-26 17:16:40" ip="[::1]:33656" method=GET payload="map[]" uri="/api/data/filter?date=2024-08-22&city=Ciamis"
time="2024-08-26T17:16:41+07:00" level=info at="2024-08-26 17:16:41" ip="[::1]:33656" method=GET payload="map[]" uri="/api/data/filter?date=2024-08-22&city=Ciamis"
time="2024-08-26T17:16:46+07:00" level=info at="2024-08-26 17:16:46" ip="[::1]:33656" method=GET payload="map[]" uri="/api/data/filter?date=2024-08-22&city=Bandung"
time="2024-08-26T17:16:48+07:00" level=info at="2024-08-26 17:16:48" ip="[::1]:33656" method=GET payload="map[]" uri="/api/data/filter?date=2024-08-22&city=Bandung"
time="2024-08-26T17:16:49+07:00" level=info at="2024-08-26 17:16:49" ip="[::1]:33656" method=GET payload="map[]" uri="/api/data/filter?date=2024-08-22&city=Bandung"
time="2024-08-26T17:17:04+07:00" level=info at="2024-08-26 17:17:04" ip="[::1]:33656" method=GET payload="map[]" uri="/api/data/filter?date=2024-08-22&city=Bandung"
time="2024-08-26T17:17:29+07:00" level=info at="2024-08-26 17:17:29" ip="[::1]:53282" method=GET payload="map[]" uri="/api/data/filter?date=2024-08-22&city=Bandung"
time="2024-08-26T17:19:39+07:00" level=info at="2024-08-26 17:19:39" ip="[::1]:58610" method=GET payload="map[]" uri="/api/data/filter?date=2024-08-22&city=Bandung"
time="2024-08-26T17:21:35+07:00" level=info at="2024-08-26 17:21:35" ip="[::1]:57512" method=GET payload="map[]" uri="/api/data/filter?date=2024-08-22&city=Bandung"
time="2024-08-26T17:21:49+07:00" level=info at="2024-08-26 17:21:49" ip="[::1]:42404" method=GET payload="map[]" uri="/api/data/filter?date=2024-08-22&city=Bandung"
time="2024-08-26T17:23:04+07:00" level=info at="2024-08-26 17:23:04" ip="[::1]:60882" method=GET payload="map[]" uri="/api/data/filter?date=2024-08-22&city=Bandung"
time="2024-08-26T17:23:18+07:00" level=info at="2024-08-26 17:23:18" ip="[::1]:55962" method=GET payload="map[]" uri="/api/data/filter?date=2024-08-22&city=Bandung"
time="2024-08-26T17:24:36+07:00" level=info at="2024-08-26 17:24:36" ip="[::1]:49636" method=GET payload="map[]" uri="/api/data/filter?date=2024-08-22&city=Bandung"
time="2024-08-26T17:57:07+07:00" level=info at="2024-08-26 17:57:07" ip="[::1]:44148" method=GET payload="map[]" uri="/api/data/filter?date=2024-08-22&city=Bandung"
time="2024-08-26T17:57:11+07:00" level=info at="2024-08-26 17:57:11" ip="[::1]:44148" method=GET payload="map[]" uri="/api/data/filter?date=2024-08-22&city=Bandung"
time="2024-08-26T21:28:16+07:00" level=info at="2024-08-26 21:28:16" ip="[::1]:34762" method=GET payload="map[]" uri="/api/data/filter?date=2024-08-22&city=Bandung"
time="2024-08-26T21:28:23+07:00" level=info at="2024-08-26 21:28:23" ip="[::1]:34762" method=GET payload="map[]" uri="/api/data/filter?date=2024-08-22&city=Bandung"
time="2024-08-26T21:29:07+07:00" level=info at="2024-08-26 21:29:07" ip="[::1]:44588" method=GET payload="map[]" uri="/api/data/filter?date=2024-08-22&city=Bandung"
time="2024-08-26T21:29:34+07:00" level=info at="2024-08-26 21:29:34" ip="[::1]:42258" method=GET payload="map[]" uri="/api/data/filter?date=2024-08-22&city=Bandung"
time="2024-08-26T21:31:44+07:00" level=info at="2024-08-26 21:31:44" ip="[::1]:36252" method=GET payload="map[]" uri="/api/data/filter?date=2024-08-22&city=Bandung"
time="2024-08-26T21:31:47+07:00" level=info at="2024-08-26 21:31:47" ip="[::1]:36252" method=GET payload="map[]" uri="/api/data/filter?date=2024-08-22&city=Bandung"
time="2024-08-26T21:31:53+07:00" level=info at="2024-08-26 21:31:53" ip="[::1]:36252" method=GET payload="map[]" uri="/api/data/filter?date=2024-08-22&city=ciamis"
time="2024-08-26T21:31:56+07:00" level=info at="2024-08-26 21:31:56" ip="[::1]:36252" method=GET payload="map[]" uri="/api/data/filter?date=2024-08-22&city=ciamis"
time="2024-08-26T21:36:50+07:00" level=info at="2024-08-26 21:36:50" ip="[::1]:33886" method=GET payload="map[]" uri="/api/data/filter?date=2024-08-22&city=tasikmalaya"
time="2024-08-26T21:37:11+07:00" level=info at="2024-08-26 21:37:11" ip="[::1]:33886" method=GET payload="map[]" uri="/api/data/filter?date=2024-08-22&city=bandung"
time="2024-08-26T21:38:17+07:00" level=info at="2024-08-26 21:38:17" ip="[::1]:49174" method=GET payload="map[]" uri="/api/data/filter?date=2024-08-22&city=bandung"
time="2024-08-26T21:38:26+07:00" level=info at="2024-08-26 21:38:26" ip="[::1]:49174" method=GET payload="map[]" uri="/api/data/filter?date=2024-08-22&city=ciamis"
time="2024-08-26T21:38:34+07:00" level=info at="2024-08-26 21:38:34" ip="[::1]:49174" method=GET payload="map[]" uri="/api/data/filter?date=2024-08-22&city=jakarta%20selatan"
time="2024-08-26T21:38:52+07:00" level=info at="2024-08-26 21:38:52" ip="[::1]:39234" method=GET payload="map[]" uri="/api/data/filter?date=2024-08-22&city=banjar"
time="2024-08-26T21:38:57+07:00" level=info at="2024-08-26 21:38:57" ip="[::1]:39242" method=GET payload="map[]" uri="/api/data/filter?date=2024-08-22&city=banjar"
time="2024-08-26T21:39:01+07:00" level=info at="2024-08-26 21:39:01" ip="[::1]:47510" method=GET payload="map[]" uri="/api/data/filter?date=2024-08-22&city=ciamis"
time="2024-08-26T21:39:29+07:00" level=info at="2024-08-26 21:39:29" ip="[::1]:40014" method=GET payload="map[]" uri="/api/data/filter?date=2024-08-22&city=ciamis"
time="2024-08-26T21:39:38+07:00" level=info at="2024-08-26 21:39:38" ip="[::1]:40014" method=GET payload="map[]" uri="/api/data/filter?date=2024-08-22&city=pangandaran"
time="2024-08-26T21:39:48+07:00" level=info at="2024-08-26 21:39:48" ip="[::1]:52994" method=GET payload="map[]" uri="/api/data/filter?date=2024-08-22&city=surabaya"
time="2024-08-26T21:39:55+07:00" level=info at="2024-08-26 21:39:55" ip="[::1]:40370" method=GET payload="map[]" uri="/api/data/filter?date=2024-08-22&city=yogyakarta"
time="2024-08-26T21:40:31+07:00" level=info at="2024-08-26 21:40:31" ip="[::1]:59372" method=GET payload="map[]" uri="/api/data/filter?date=2024-08-22&city=yogyakarta"
time="2024-08-26T21:40:52+07:00" level=info at="2024-08-26 21:40:52" ip="[::1]:47082" method=GET payload="map[]" uri="/api/data/filter?date=2024-08-22&city=bandung"
time="2024-08-26T21:44:51+07:00" level=info at="2024-08-26 21:44:51" ip="[::1]:49830" method=GET payload="map[]" uri="/api/data/filter?date=2024-08-22&city=bandung"
time="2024-08-26T21:45:20+07:00" level=info at="2024-08-26 21:45:20" ip="[::1]:49830" method=GET payload="map[]" uri="/api/data/filter?date=2024-08-22&city=ciamis"
time="2024-08-26T21:45:27+07:00" level=info at="2024-08-26 21:45:27" ip="[::1]:49830" method=GET payload="map[]" uri="/api/data/filter?date=2024-08-22&city=bandung"
time="2024-08-26T21:57:59+07:00" level=info at="2024-08-26 21:57:59" ip="[::1]:39388" method=GET payload="map[]" uri="/api/data/filter?date=2024-08-22&city=bandung"
time="2024-08-26T21:58:49+07:00" level=info at="2024-08-26 21:58:49" ip="[::1]:39388" method=GET payload="map[]" uri="/api/data/filter?date=2024-08-22&city=bandung"
time="2024-08-26T21:59:08+07:00" level=info at="2024-08-26 21:59:08" ip="[::1]:39388" method=GET payload="map[]" uri="/api/data/filter?date=2024-08-22&city=ciamis"
time="2024-08-26T21:59:23+07:00" level=info at="2024-08-26 21:59:23" ip="[::1]:39388" method=GET payload="map[]" uri="/api/data/filter?date=2024-08-22&city=tasikmalaya"
time="2024-08-26T21:59:37+07:00" level=info at="2024-08-26 21:59:37" ip="[::1]:39388" method=GET payload="map[]" uri="/api/data/filter?date=2024-08-22&city=tasikmalaya"
time="2024-08-26T21:59:53+07:00" level=info at="2024-08-26 21:59:53" ip="[::1]:47304" method=GET payload="map[]" uri="/api/data/filter?date=2024-08-22&city=jakarta%20selatan"
time="2024-08-26T22:04:45+07:00" level=info at="2024-08-26 22:04:45" ip="[::1]:59906" method=GET payload="map[]" uri="/api/data/city?date=2024-08-22&city=jakarta%20selatan"
time="2024-08-26T22:05:04+07:00" level=info at="2024-08-26 22:05:04" ip="[::1]:59906" method=GET payload="map[]" uri="/api/data/date?date=2024-08-22"
time="2024-08-26T22:07:27+07:00" level=info at="2024-08-26 22:07:27" ip="[::1]:37850" method=GET payload="map[]" uri="/api/data/date?date=2024-08-22"
time="2024-08-26T23:36:33+07:00" level=info at="2024-08-26 23:36:33" ip="[::1]:39722" method=GET payload="map[]" uri="/api/data/city?date=2024-08-22&city=ciamis"
time="2024-08-26T23:36:35+07:00" level=info at="2024-08-26 23:36:35" ip="[::1]:39732" method=GET payload="map[]" uri="/api/data/city?date=2024-08-22&city=ciamis"
time="2024-08-26T23:36:36+07:00" level=info at="2024-08-26 23:36:36" ip="[::1]:39738" method=GET payload="map[]" uri="/api/data/city?date=2024-08-22&city=ciamis"
time="2024-08-26T23:37:04+07:00" level=info at="2024-08-26 23:37:04" ip="[::1]:39738" method=GET payload="map[]" uri="/api/data/city?date=2024-08-22&city=ciamis"
time="2024-08-26T23:37:04+07:00" level=info at="2024-08-26 23:37:04" ip="[::1]:39732" method=GET payload="map[]" uri="/api/data/city?date=2024-08-22&city=ciamis"
time="2024-08-26T23:37:17+07:00" level=info at="2024-08-26 23:37:17" ip="[::1]:39732" method=GET payload="map[]" uri="/api/data/city?date=2024-08-22&city=ciamis"
time="2024-08-26T23:37:17+07:00" level=info at="2024-08-26 23:37:17" ip="[::1]:39738" method=GET payload="map[]" uri="/api/data/city?date=2024-08-22&city=ciamis"
time="2024-08-26T23:37:35+07:00" level=info at="2024-08-26 23:37:35" ip="[::1]:39738" method=GET payload="map[]" uri="/api/data/city?date=2024-08-22&city=ciamis"
time="2024-08-26T23:40:39+07:00" level=info at="2024-08-26 23:40:39" ip="[::1]:42324" method=GET payload="map[]" uri="/api/data/city?date=[object%20Object]&city=[object%20Object]"
time="2024-08-26T23:40:39+07:00" level=info at="2024-08-26 23:40:39" ip="[::1]:42324" method=GET payload="map[]" uri="/api/data/city?date=[object%20Object]&city=[object%20Object]"
time="2024-08-26T23:48:13+07:00" level=info at="2024-08-26 23:48:13" ip="[::1]:55778" method=GET payload="map[]" uri="/api/data/city?date=2024-08-22&city=ciamis"
time="2024-08-26T23:52:09+07:00" level=info at="2024-08-26 23:52:09" ip="[::1]:41518" method=GET payload="map[]" uri="/api/data/city?date=2024-08-22&city=BANDUNG"
time="2024-08-26T23:52:10+07:00" level=info at="2024-08-26 23:52:10" ip="[::1]:41534" method=GET payload="map[]" uri="/api/data/city?date=2024-08-22&city=BANDUNG"
time="2024-08-26T23:52:40+07:00" level=info at="2024-08-26 23:52:40" ip="[::1]:41534" method=GET payload="map[]" uri="/api/data/city?date=2024-08-22&city=BANDUNG"
time="2024-08-26T23:52:40+07:00" level=info at="2024-08-26 23:52:40" ip="[::1]:41518" method=GET payload="map[]" uri="/api/data/city?date=2024-08-22&city=BANDUNG"
time="2024-08-26T23:52:52+07:00" level=info at="2024-08-26 23:52:52" ip="[::1]:41518" method=GET payload="map[]" uri="/api/data/city?date=2024-08-22&city=BANDUNG"
time="2024-08-26T23:52:52+07:00" level=info at="2024-08-26 23:52:52" ip="[::1]:41534" method=GET payload="map[]" uri="/api/data/city?date=2024-08-22&city=BANDUNG"
time="2024-08-26T23:53:04+07:00" level=info at="2024-08-26 23:53:04" ip="[::1]:41534" method=GET payload="map[]" uri="/api/data/city?date=2024-08-22&city=BANDUNG"
time="2024-08-26T23:53:59+07:00" level=info at="2024-08-26 23:53:59" ip="[::1]:41534" method=GET payload="map[]" uri="/api/data/city?date=2024-08-22&city=BANDUNG"
time="2024-08-26T23:54:01+07:00" level=info at="2024-08-26 23:54:01" ip="[::1]:41534" method=GET payload="map[]" uri="/api/data/city?date=2024-08-22&city=BANDUNG"
time="2024-08-26T23:54:01+07:00" level=info at="2024-08-26 23:54:01" ip="[::1]:41518" method=GET payload="map[]" uri="/api/data/city?date=2024-08-22&city=BANDUNG"
time="2024-08-26T23:54:16+07:00" level=info at="2024-08-26 23:54:16" ip="[::1]:41518" method=GET payload="map[]" uri="/api/data/city?date=2024-08-22&city=BANDUNG"
time="2024-08-26T23:54:16+07:00" level=info at="2024-08-26 23:54:16" ip="[::1]:41534" method=GET payload="map[]" uri="/api/data/city?date=2024-08-22&city=BANDUNG"
time="2024-08-26T23:54:45+07:00" level=info at="2024-08-26 23:54:45" ip="[::1]:41534" method=GET payload="map[]" uri="/api/data/city?date=2024-08-22&city=BANDUNG"
time="2024-08-26T23:54:45+07:00" level=info at="2024-08-26 23:54:45" ip="[::1]:41518" method=GET payload="map[]" uri="/api/data/city?date=2024-08-22&city=BANDUNG"
time="2024-08-26T23:55:27+07:00" level=info at="2024-08-26 23:55:27" ip="[::1]:41518" method=GET payload="map[]" uri="/api/data/city?date=2024-08-22&city=BANDUNG"
time="2024-08-26T23:55:28+07:00" level=info at="2024-08-26 23:55:28" ip="[::1]:41518" method=GET payload="map[]" uri="/api/data/city?date=2024-08-22&city=BANDUNG"
time="2024-08-26T23:55:28+07:00" level=info at="2024-08-26 23:55:28" ip="[::1]:41534" method=GET payload="map[]" uri="/api/data/city?date=2024-08-22&city=BANDUNG"
time="2024-08-26T23:56:55+07:00" level=info at="2024-08-26 23:56:55" ip="[::1]:41534" method=GET payload="map[]" uri="/api/data/city?date=2024-08-22&city=BANDUNG"
time="2024-08-26T23:56:55+07:00" level=info at="2024-08-26 23:56:55" ip="[::1]:41534" method=GET payload="map[]" uri="/api/data/city?date=2024-08-22&city=BANDUNG"
time="2024-08-26T23:59:05+07:00" level=info at="2024-08-26 23:59:05" ip="[::1]:41534" method=GET payload="map[]" uri="/api/data/city?date=2024-08-22&city=BANDUNG"
time="2024-08-26T23:59:05+07:00" level=info at="2024-08-26 23:59:05" ip="[::1]:41518" method=GET payload="map[]" uri="/api/data/city?date=2024-08-22&city=BANDUNG"
time="2024-08-26T23:59:13+07:00" level=info at="2024-08-26 23:59:13" ip="[::1]:41518" method=GET payload="map[]" uri="/api/data/city?date=2024-08-22&city=BANDUNG"
time="2024-08-26T23:59:13+07:00" level=info at="2024-08-26 23:59:13" ip="[::1]:41534" method=GET payload="map[]" uri="/api/data/city?date=2024-08-22&city=BANDUNG"
time="2024-08-27T00:00:36+07:00" level=info at="2024-08-27 00:00:36" ip="[::1]:55416" method=GET payload="map[]" uri="/api/data/city?date=2024-08-22&city=BANDUNG"
time="2024-08-27T00:00:36+07:00" level=info at="2024-08-27 00:00:36" ip="[::1]:55432" method=GET payload="map[]" uri="/api/data/city?date=2024-08-22&city=BANDUNG"
time="2024-08-27T00:03:20+07:00" level=info at="2024-08-27 00:03:20" ip="[::1]:52592" method=GET payload="map[]" uri="/api/data/city?date=2024-08-22&city=TASIKMALAYA"
time="2024-08-27T00:03:20+07:00" level=info at="2024-08-27 00:03:20" ip="[::1]:52602" method=GET payload="map[]" uri="/api/data/city?date=2024-08-22&city=TASIKMALAYA"
time="2024-08-27T00:03:52+07:00" level=info at="2024-08-27 00:03:52" ip="[::1]:52602" method=GET payload="map[]" uri="/api/data/city?date=2024-08-22&city=TASIKMALAYA"
time="2024-08-27T00:03:52+07:00" level=info at="2024-08-27 00:03:52" ip="[::1]:52592" method=GET payload="map[]" uri="/api/data/city?date=2024-08-22&city=TASIKMALAYA"
time="2024-08-27T00:04:04+07:00" level=info at="2024-08-27 00:04:04" ip="[::1]:52592" method=GET payload="map[]" uri="/api/data/city?date=2024-08-22&city=TASIKMALAYA"
time="2024-08-27T00:04:04+07:00" level=info at="2024-08-27 00:04:04" ip="[::1]:52602" method=GET payload="map[]" uri="/api/data/city?date=2024-08-22&city=TASIKMALAYA"
time="2024-08-27T00:04:26+07:00" level=info at="2024-08-27 00:04:26" ip="[::1]:52602" method=GET payload="map[]" uri="/api/data/city?date=2024-08-22&city=TASIKMALAYA"
time="2024-08-27T00:04:26+07:00" level=info at="2024-08-27 00:04:26" ip="[::1]:52592" method=GET payload="map[]" uri="/api/data/city?date=2024-08-22&city=TASIKMALAYA"
time="2024-08-27T00:04:39+07:00" level=info at="2024-08-27 00:04:39" ip="[::1]:52592" method=GET payload="map[]" uri="/api/data/city?date=2024-08-22&city=TASIKMALAYA"
time="2024-08-27T00:04:39+07:00" level=info at="2024-08-27 00:04:39" ip="[::1]:52602" method=GET payload="map[]" uri="/api/data/city?date=2024-08-22&city=TASIKMALAYA"
time="2024-08-27T00:05:37+07:00" level=info at="2024-08-27 00:05:37" ip="[::1]:52602" method=GET payload="map[]" uri="/api/data/city?date=2024-08-22&city=TASIKMALAYA"
time="2024-08-27T00:05:37+07:00" level=info at="2024-08-27 00:05:37" ip="[::1]:52592" method=GET payload="map[]" uri="/api/data/city?date=2024-08-22&city=TASIKMALAYA"
time="2024-08-27T00:06:35+07:00" level=info at="2024-08-27 00:06:35" ip="[::1]:52592" method=GET payload="map[]" uri="/api/data/city?date=2024-08-22&city=TASIKMALAYA"
time="2024-08-27T00:06:35+07:00" level=info at="2024-08-27 00:06:35" ip="[::1]:52602" method=GET payload="map[]" uri="/api/data/city?date=2024-08-22&city=TASIKMALAYA"
time="2024-08-27T00:06:48+07:00" level=info at="2024-08-27 00:06:48" ip="[::1]:52602" method=GET payload="map[]" uri="/api/data/city?date=2024-08-22&city=TASIKMALAYA"
time="2024-08-27T00:06:48+07:00" level=info at="2024-08-27 00:06:48" ip="[::1]:52592" method=GET payload="map[]" uri="/api/data/city?date=2024-08-22&city=TASIKMALAYA"
time="2024-08-27T00:07:02+07:00" level=info at="2024-08-27 00:07:02" ip="[::1]:52592" method=GET payload="map[]" uri="/api/data/city?date=2024-08-22&city=TASIKMALAYA"
time="2024-08-27T00:07:02+07:00" level=info at="2024-08-27 00:07:02" ip="[::1]:52602" method=GET payload="map[]" uri="/api/data/city?date=2024-08-22&city=TASIKMALAYA"
time="2024-08-27T00:07:28+07:00" level=info at="2024-08-27 00:07:28" ip="[::1]:52602" method=GET payload="map[]" uri="/api/data/city?date=2024-08-22&city=TASIKMALAYA"
time="2024-08-27T00:07:28+07:00" level=info at="2024-08-27 00:07:28" ip="[::1]:52592" method=GET payload="map[]" uri="/api/data/city?date=2024-08-22&city=TASIKMALAYA"
time="2024-08-27T00:07:39+07:00" level=info at="2024-08-27 00:07:39" ip="[::1]:52592" method=GET payload="map[]" uri="/api/data/city?date=2024-08-22&city=TASIKMALAYA"
time="2024-08-27T00:07:39+07:00" level=info at="2024-08-27 00:07:39" ip="[::1]:52602" method=GET payload="map[]" uri="/api/data/city?date=2024-08-22&city=TASIKMALAYA"
time="2024-08-27T00:08:00+07:00" level=info at="2024-08-27 00:08:00" ip="[::1]:52602" method=GET payload="map[]" uri="/api/data/city?date=2024-08-22&city=TASIKMALAYA"
time="2024-08-27T00:08:01+07:00" level=info at="2024-08-27 00:08:01" ip="[::1]:52592" method=GET payload="map[]" uri="/api/data/city?date=2024-08-22&city=TASIKMALAYA"
time="2024-08-27T00:09:01+07:00" level=info at="2024-08-27 00:09:01" ip="[::1]:52592" method=GET payload="map[]" uri="/api/data/city?date=2024-08-22&city=TASIKMALAYA"
time="2024-08-27T00:09:01+07:00" level=info at="2024-08-27 00:09:01" ip="[::1]:52602" method=GET payload="map[]" uri="/api/data/city?date=2024-08-22&city=TASIKMALAYA"
time="2024-08-27T00:09:30+07:00" level=info at="2024-08-27 00:09:30" ip="[::1]:52602" method=GET payload="map[]" uri="/api/data/city?date=2024-08-22&city=TASIKMALAYA"
time="2024-08-27T00:09:57+07:00" level=info at="2024-08-27 00:09:57" ip="[::1]:52602" method=GET payload="map[]" uri="/api/data/city?date=2024-08-22&city=TASIKMALAYA"
time="2024-08-27T00:10:19+07:00" level=info at="2024-08-27 00:10:19" ip="[::1]:37494" method=GET payload="map[]" uri="/api/data/city?date=2024-08-22&city=TASIKMALAYA"
time="2024-08-27T00:10:19+07:00" level=info at="2024-08-27 00:10:19" ip="[::1]:37502" method=GET payload="map[]" uri="/api/data/city?date=2024-08-22&city=TASIKMALAYA"
time="2024-08-27T00:10:33+07:00" level=info at="2024-08-27 00:10:33" ip="[::1]:37502" method=GET payload="map[]" uri="/api/data/city?date=2024-08-22&city=TASIKMALAYA"
time="2024-08-27T00:10:35+07:00" level=info at="2024-08-27 00:10:35" ip="[::1]:37502" method=GET payload="map[]" uri="/api/data/city?date=2024-08-22&city=TASIKMALAYA"
time="2024-08-27T00:10:35+07:00" level=info at="2024-08-27 00:10:35" ip="[::1]:37494" method=GET payload="map[]" uri="/api/data/city?date=2024-08-22&city=TASIKMALAYA"
time="2024-08-27T00:10:43+07:00" level=info at="2024-08-27 00:10:43" ip="[::1]:37494" method=GET payload="map[]" uri="/api/data/city?date=2024-08-22&city=TASIKMALAYA"
time="2024-08-27T00:10:45+07:00" level=info at="2024-08-27 00:10:45" ip="[::1]:37494" method=GET payload="map[]" uri="/api/data/city?date=2024-08-22&city=TASIKMALAYA"
time="2024-08-27T00:10:45+07:00" level=info at="2024-08-27 00:10:45" ip="[::1]:37502" method=GET payload="map[]" uri="/api/data/city?date=2024-08-22&city=TASIKMALAYA"
time="2024-08-27T00:11:01+07:00" level=info at="2024-08-27 00:11:01" ip="[::1]:37502" method=GET payload="map[]" uri="/api/data/city?date=2024-08-22&city=TASIKMALAYA"
time="2024-08-27T00:11:03+07:00" level=info at="2024-08-27 00:11:03" ip="[::1]:37502" method=GET payload="map[]" uri="/api/data/city?date=2024-08-22&city=TASIKMALAYA"
time="2024-08-27T00:11:03+07:00" level=info at="2024-08-27 00:11:03" ip="[::1]:37494" method=GET payload="map[]" uri="/api/data/city?date=2024-08-22&city=TASIKMALAYA"
time="2024-08-27T00:11:09+07:00" level=info at="2024-08-27 00:11:09" ip="[::1]:37494" method=GET payload="map[]" uri="/api/data/city?date=2024-08-22&city=TASIKMALAYA"
time="2024-08-27T00:11:09+07:00" level=info at="2024-08-27 00:11:09" ip="[::1]:37502" method=GET payload="map[]" uri="/api/data/city?date=2024-08-22&city=TASIKMALAYA"
time="2024-08-27T00:11:18+07:00" level=info at="2024-08-27 00:11:18" ip="[::1]:37502" method=GET payload="map[]" uri="/api/data/city?date=2024-08-22&city=TASIKMALAYA"
time="2024-08-27T00:11:19+07:00" level=info at="2024-08-27 00:11:19" ip="[::1]:37502" method=GET payload="map[]" uri="/api/data/city?date=2024-08-22&city=TASIKMALAYA"
time="2024-08-27T00:11:19+07:00" level=info at="2024-08-27 00:11:19" ip="[::1]:37494" method=GET payload="map[]" uri="/api/data/city?date=2024-08-22&city=TASIKMALAYA"
time="2024-08-27T00:11:56+07:00" level=info at="2024-08-27 00:11:56" ip="[::1]:37494" method=GET payload="map[]" uri="/api/data/city?date=2024-08-22&city=JAKARTA%20SELATAN"
time="2024-08-27T00:12:02+07:00" level=info at="2024-08-27 00:12:02" ip="[::1]:37494" method=GET payload="map[]" uri="/api/data/city?date=2024-08-22&city=JAKARTA%20SELATAN"
time="2024-08-27T00:12:02+07:00" level=info at="2024-08-27 00:12:02" ip="[::1]:37494" method=GET payload="map[]" uri="/api/data/city?date=2024-08-22&city=JAKARTA%20SELATAN"
time="2024-08-27T00:12:27+07:00" level=info at="2024-08-27 00:12:27" ip="[::1]:37494" method=GET payload="map[]" uri="/api/data/city?date=2024-08-22&city=JAKARTA%20SELATAN"
time="2024-08-27T00:12:30+07:00" level=info at="2024-08-27 00:12:30" ip="[::1]:37494" method=GET payload="map[]" uri="/api/data/city?date=2024-08-22&city=JAKARTA%20SELATAN"
time="2024-08-27T00:12:30+07:00" level=info at="2024-08-27 00:12:30" ip="[::1]:37502" method=GET payload="map[]" uri="/api/data/city?date=2024-08-22&city=JAKARTA%20SELATAN"
time="2024-08-27T00:12:49+07:00" level=info at="2024-08-27 00:12:49" ip="[::1]:37502" method=GET payload="map[]" uri="/api/data/city?date=2024-08-22&city=JAKARTA%20SELATAN"
time="2024-08-27T00:12:50+07:00" level=info at="2024-08-27 00:12:50" ip="[::1]:37502" method=GET payload="map[]" uri="/api/data/city?date=2024-08-22&city=JAKARTA%20SELATAN"
time="2024-08-27T00:12:50+07:00" level=info at="2024-08-27 00:12:50" ip="[::1]:37494" method=GET payload="map[]" uri="/api/data/city?date=2024-08-22&city=JAKARTA%20SELATAN"
time="2024-08-27T00:13:03+07:00" level=info at="2024-08-27 00:13:03" ip="[::1]:37494" method=GET payload="map[]" uri="/api/data/city?date=2024-08-22&city=JAKARTA%20SELATAN"
time="2024-08-27T00:13:06+07:00" level=info at="2024-08-27 00:13:06" ip="[::1]:37494" method=GET payload="map[]" uri="/api/data/city?date=2024-08-22&city=JAKARTA%20SELATAN"
time="2024-08-27T00:13:06+07:00" level=info at="2024-08-27 00:13:06" ip="[::1]:37502" method=GET payload="map[]" uri="/api/data/city?date=2024-08-22&city=JAKARTA%20SELATAN"
time="2024-08-27T00:13:09+07:00" level=info at="2024-08-27 00:13:09" ip="[::1]:37502" method=GET payload="map[]" uri="/api/data/city?date=2024-08-22&city=JAKARTA%20SELATAN"
time="2024-08-27T00:13:09+07:00" level=info at="2024-08-27 00:13:09" ip="[::1]:37494" method=GET payload="map[]" uri="/api/data/city?date=2024-08-22&city=JAKARTA%20SELATAN"
time="2024-08-27T00:13:25+07:00" level=info at="2024-08-27 00:13:25" ip="[::1]:37494" method=GET payload="map[]" uri="/api/data/city?date=2024-08-22&city=JAKARTA%20SELATAN"
time="2024-08-27T00:13:37+07:00" level=info at="2024-08-27 00:13:37" ip="[::1]:37494" method=GET payload="map[]" uri="/api/data/city?date=2024-08-22&city=JAKARTA%20SELATAN"
time="2024-08-27T00:13:38+07:00" level=info at="2024-08-27 00:13:38" ip="[::1]:37502" method=GET payload="map[]" uri="/api/data/city?date=2024-08-22&city=JAKARTA%20SELATAN"
time="2024-08-27T00:20:26+07:00" level=info at="2024-08-27 00:20:26" ip="[::1]:53104" method=GET payload="map[]" uri=/api/data/filter
time="2024-08-27T00:21:27+07:00" level=info at="2024-08-27 00:21:27" ip="[::1]:46800" method=GET payload="map[]" uri=/api/data/filter
time="2024-08-27T00:21:47+07:00" level=info at="2024-08-27 00:21:47" ip="[::1]:47164" method=GET payload="map[]" uri=/api/data/filter
time="2024-08-27T00:23:01+07:00" level=info at="2024-08-27 00:23:01" ip="[::1]:42120" method=GET payload="map[]" uri="/api/data/date?date=2024-08-22"
time="2024-08-27T00:23:08+07:00" level=info at="2024-08-27 00:23:08" ip="[::1]:42726" method=GET payload="map[]" uri="/api/data/date?date=2024-08-22"
time="2024-08-27T00:23:09+07:00" level=info at="2024-08-27 00:23:09" ip="[::1]:42732" method=GET payload="map[]" uri="/api/data/date?date=2024-08-22"
time="2024-08-27T00:24:05+07:00" level=info at="2024-08-27 00:24:05" ip="[::1]:42726" method=GET payload="map[]" uri="/api/data/date?date=2024-08-22&city=JAKARTA%20SELATAN"
time="2024-08-27T00:24:06+07:00" level=info at="2024-08-27 00:24:06" ip="[::1]:54872" method=GET payload="map[]" uri="/api/data/date?date=2024-08-22&city=JAKARTA%20SELATAN"
time="2024-08-27T00:26:04+07:00" level=info at="2024-08-27 00:26:04" ip="[::1]:59622" method=GET payload="map[]" uri="/api/data/date?date=2024-08-22&city=JAKARTA%20SELATAN"
time="2024-08-27T00:26:04+07:00" level=info at="2024-08-27 00:26:04" ip="[::1]:59636" method=GET payload="map[]" uri="/api/data/date?date=2024-08-22&city=JAKARTA%20SELATAN"
time="2024-08-27T00:28:59+07:00" level=info at="2024-08-27 00:28:59" ip="[::1]:41766" method=GET payload="map[]" uri="/api/data/city?date=2024-08-22&city=JAKARTA%20SELATAN"
time="2024-08-27T00:28:59+07:00" level=info at="2024-08-27 00:28:59" ip="[::1]:41780" method=GET payload="map[]" uri="/api/data/city?date=2024-08-22&city=JAKARTA%20SELATAN"
time="2024-08-27T00:33:01+07:00" level=info at="2024-08-27 00:33:01" ip="[::1]:41780" method=GET payload="map[]" uri="/api/data/city?date=2024-08-22&city=JAKARTA%20SELATAN"
time="2024-08-27T00:33:01+07:00" level=info at="2024-08-27 00:33:01" ip="[::1]:41766" method=GET payload="map[]" uri="/api/data/city?date=2024-08-22&city=JAKARTA%20SELATAN"
time="2024-08-27T00:33:01+07:00" level=info at="2024-08-27 00:33:01" ip="[::1]:41766" method=GET payload="map[]" uri=/api/data/filter
time="2024-08-27T00:33:01+07:00" level=info at="2024-08-27 00:33:01" ip="[::1]:41780" method=GET payload="map[]" uri=/api/data/filter
time="2024-08-27T00:33:56+07:00" level=info at="2024-08-27 00:33:56" ip="[::1]:41780" method=GET payload="map[]" uri="/api/data/city?date=2024-08-22&city=JAKARTA%20SELATAN"
time="2024-08-27T00:33:56+07:00" level=info at="2024-08-27 00:33:56" ip="[::1]:41766" method=GET payload="map[]" uri="/api/data/city?date=2024-08-22&city=JAKARTA%20SELATAN"
time="2024-08-27T00:33:56+07:00" level=info at="2024-08-27 00:33:56" ip="[::1]:41766" method=GET payload="map[]" uri=/api/data/filter
time="2024-08-27T00:33:56+07:00" level=info at="2024-08-27 00:33:56" ip="[::1]:41766" method=GET payload="map[]" uri=/api/data/filter
time="2024-08-27T00:34:40+07:00" level=info at="2024-08-27 00:34:40" ip="[::1]:41766" method=GET payload="map[]" uri="/api/data/city?date=2024-08-22&city=JAKARTA%20SELATAN"
time="2024-08-27T00:34:40+07:00" level=info at="2024-08-27 00:34:40" ip="[::1]:41780" method=GET payload="map[]" uri="/api/data/city?date=2024-08-22&city=JAKARTA%20SELATAN"
time="2024-08-27T00:34:40+07:00" level=info at="2024-08-27 00:34:40" ip="[::1]:41780" method=GET payload="map[]" uri=/api/data/filter
time="2024-08-27T00:34:40+07:00" level=info at="2024-08-27 00:34:40" ip="[::1]:41766" method=GET payload="map[]" uri=/api/data/filter
time="2024-08-27T00:34:46+07:00" level=info at="2024-08-27 00:34:46" ip="[::1]:41766" method=GET payload="map[]" uri="/api/data/city?date=2024-08-22&city=JAKARTA%20SELATAN"
time="2024-08-27T00:34:46+07:00" level=info at="2024-08-27 00:34:46" ip="[::1]:41780" method=GET payload="map[]" uri="/api/data/city?date=2024-08-22&city=JAKARTA%20SELATAN"
time="2024-08-27T00:34:46+07:00" level=info at="2024-08-27 00:34:46" ip="[::1]:41780" method=GET payload="map[]" uri=/api/data/filter
time="2024-08-27T00:34:46+07:00" level=info at="2024-08-27 00:34:46" ip="[::1]:41780" method=GET payload="map[]" uri=/api/data/filter
time="2024-08-27T00:35:12+07:00" level=info at="2024-08-27 00:35:12" ip="[::1]:41780" method=GET payload="map[]" uri="/api/data/city?date=2024-08-22&city=CIAMIS"
time="2024-08-27T00:35:19+07:00" level=info at="2024-08-27 00:35:19" ip="[::1]:41780" method=GET payload="map[]" uri="/api/data/city?date=2024-08-22&city=CIAMIS"
time="2024-08-27T00:35:19+07:00" level=info at="2024-08-27 00:35:19" ip="[::1]:41766" method=GET payload="map[]" uri="/api/data/city?date=2024-08-22&city=CIAMIS"
time="2024-08-27T00:35:19+07:00" level=info at="2024-08-27 00:35:19" ip="[::1]:41780" method=GET payload="map[]" uri=/api/data/filter
time="2024-08-27T00:35:19+07:00" level=info at="2024-08-27 00:35:19" ip="[::1]:41766" method=GET payload="map[]" uri=/api/data/filter
time="2024-08-27T00:35:58+07:00" level=info at="2024-08-27 00:35:58" ip="[::1]:41766" method=GET payload="map[]" uri="/api/data/city?date=2024-08-22&city=CIAMIS"
time="2024-08-27T00:35:58+07:00" level=info at="2024-08-27 00:35:58" ip="[::1]:41780" method=GET payload="map[]" uri="/api/data/city?date=2024-08-22&city=CIAMIS"
time="2024-08-27T00:35:58+07:00" level=info at="2024-08-27 00:35:58" ip="[::1]:41780" method=GET payload="map[]" uri=/api/data/filter
time="2024-08-27T00:35:58+07:00" level=info at="2024-08-27 00:35:58" ip="[::1]:41766" method=GET payload="map[]" uri=/api/data/filter
time="2024-08-27T00:36:14+07:00" level=info at="2024-08-27 00:36:14" ip="[::1]:41766" method=GET payload="map[]" uri="/api/data/city?date=2024-08-22&city=CIAMIS"
time="2024-08-27T00:36:14+07:00" level=info at="2024-08-27 00:36:14" ip="[::1]:41780" method=GET payload="map[]" uri="/api/data/city?date=2024-08-22&city=CIAMIS"
time="2024-08-27T00:36:14+07:00" level=info at="2024-08-27 00:36:14" ip="[::1]:41780" method=GET payload="map[]" uri=/api/data/filter
time="2024-08-27T00:36:14+07:00" level=info at="2024-08-27 00:36:14" ip="[::1]:41766" method=GET payload="map[]" uri=/api/data/filter
time="2024-08-27T00:36:16+07:00" level=info at="2024-08-27 00:36:16" ip="[::1]:41766" method=GET payload="map[]" uri="/api/data/city?date=2024-08-22&city=CIAMIS"
time="2024-08-27T00:36:16+07:00" level=info at="2024-08-27 00:36:16" ip="[::1]:41780" method=GET payload="map[]" uri="/api/data/city?date=2024-08-22&city=CIAMIS"
time="2024-08-27T00:36:16+07:00" level=info at="2024-08-27 00:36:16" ip="[::1]:41766" method=GET payload="map[]" uri=/api/data/filter
time="2024-08-27T00:36:16+07:00" level=info at="2024-08-27 00:36:16" ip="[::1]:41780" method=GET payload="map[]" uri=/api/data/filter
time="2024-08-27T00:37:44+07:00" level=info at="2024-08-27 00:37:44" ip="[::1]:41780" method=GET payload="map[]" uri="/api/data/city?date=2024-08-22&city=CIAMIS"
time="2024-08-27T00:37:44+07:00" level=info at="2024-08-27 00:37:44" ip="[::1]:41780" method=GET payload="map[]" uri=/api/data/filter
time="2024-08-27T00:37:49+07:00" level=info at="2024-08-27 00:37:49" ip="[::1]:41780" method=GET payload="map[]" uri="/api/data/city?date=2024-08-22&city=CIAMIS"
time="2024-08-27T00:37:49+07:00" level=info at="2024-08-27 00:37:49" ip="[::1]:41766" method=GET payload="map[]" uri="/api/data/city?date=2024-08-22&city=CIAMIS"
time="2024-08-27T00:37:49+07:00" level=info at="2024-08-27 00:37:49" ip="[::1]:41766" method=GET payload="map[]" uri=/api/data/filter
time="2024-08-27T00:37:49+07:00" level=info at="2024-08-27 00:37:49" ip="[::1]:41780" method=GET payload="map[]" uri=/api/data/filter
time="2024-08-27T00:38:25+07:00" level=info at="2024-08-27 00:38:25" ip="[::1]:41780" method=GET payload="map[]" uri="/api/data/city?date=2024-08-22&city=CIAMIS"
time="2024-08-27T00:38:25+07:00" level=info at="2024-08-27 00:38:25" ip="[::1]:41780" method=GET payload="map[]" uri=/api/data/filter
time="2024-08-27T00:38:28+07:00" level=info at="2024-08-27 00:38:28" ip="[::1]:41780" method=GET payload="map[]" uri="/api/data/city?date=2024-08-22&city=CIAMIS"
time="2024-08-27T00:38:28+07:00" level=info at="2024-08-27 00:38:28" ip="[::1]:41780" method=GET payload="map[]" uri=/api/data/filter
time="2024-08-27T00:38:30+07:00" level=info at="2024-08-27 00:38:30" ip="[::1]:41780" method=GET payload="map[]" uri="/api/data/city?date=2024-08-22&city=CIAMIS"
time="2024-08-27T00:38:30+07:00" level=info at="2024-08-27 00:38:30" ip="[::1]:41766" method=GET payload="map[]" uri="/api/data/city?date=2024-08-22&city=CIAMIS"
time="2024-08-27T00:38:30+07:00" level=info at="2024-08-27 00:38:30" ip="[::1]:41766" method=GET payload="map[]" uri=/api/data/filter
time="2024-08-27T00:38:30+07:00" level=info at="2024-08-27 00:38:30" ip="[::1]:41766" method=GET payload="map[]" uri=/api/data/filter
time="2024-08-27T00:40:33+07:00" level=info at="2024-08-27 00:40:33" ip="[::1]:41766" method=GET payload="map[]" uri="/api/data/city?date=2024-08-22&city=CIAMIS"
time="2024-08-27T00:40:33+07:00" level=info at="2024-08-27 00:40:33" ip="[::1]:41766" method=GET payload="map[]" uri=/api/data/filter
time="2024-08-27T00:40:35+07:00" level=info at="2024-08-27 00:40:35" ip="[::1]:41766" method=GET payload="map[]" uri="/api/data/city?date=2024-08-22&city=CIAMIS"
time="2024-08-27T00:40:35+07:00" level=info at="2024-08-27 00:40:35" ip="[::1]:41780" method=GET payload="map[]" uri="/api/data/city?date=2024-08-22&city=CIAMIS"
time="2024-08-27T00:40:35+07:00" level=info at="2024-08-27 00:40:35" ip="[::1]:41780" method=GET payload="map[]" uri=/api/data/filter
time="2024-08-27T00:40:35+07:00" level=info at="2024-08-27 00:40:35" ip="[::1]:41766" method=GET payload="map[]" uri=/api/data/filter
time="2024-08-27T00:42:18+07:00" level=info at="2024-08-27 00:42:18" ip="[::1]:41766" method=GET payload="map[]" uri="/api/data/city?date=2024-08-22&city=CIAMIS"
time="2024-08-27T00:42:19+07:00" level=info at="2024-08-27 00:42:19" ip="[::1]:41766" method=GET payload="map[]" uri=/api/data/filter
time="2024-08-27T00:42:32+07:00" level=info at="2024-08-27 00:42:32" ip="[::1]:41766" method=GET payload="map[]" uri="/api/data/city?date=2024-08-22&city=CIAMIS"
time="2024-08-27T00:42:32+07:00" level=info at="2024-08-27 00:42:32" ip="[::1]:41766" method=GET payload="map[]" uri=/api/data/filter
time="2024-08-27T00:42:34+07:00" level=info at="2024-08-27 00:42:34" ip="[::1]:41766" method=GET payload="map[]" uri="/api/data/city?date=2024-08-22&city=CIAMIS"
time="2024-08-27T00:42:34+07:00" level=info at="2024-08-27 00:42:34" ip="[::1]:41780" method=GET payload="map[]" uri="/api/data/city?date=2024-08-22&city=CIAMIS"
time="2024-08-27T00:42:34+07:00" level=info at="2024-08-27 00:42:34" ip="[::1]:41780" method=GET payload="map[]" uri=/api/data/filter
time="2024-08-27T00:42:34+07:00" level=info at="2024-08-27 00:42:34" ip="[::1]:41766" method=GET payload="map[]" uri=/api/data/filter
time="2024-08-27T00:43:35+07:00" level=info at="2024-08-27 00:43:35" ip="[::1]:41766" method=GET payload="map[]" uri="/api/data/city?date=2024-08-22&city=CIAMIS"
time="2024-08-27T00:43:37+07:00" level=info at="2024-08-27 00:43:37" ip="[::1]:41766" method=GET payload="map[]" uri="/api/data/city?date=2024-08-22&city=CIAMIS"
time="2024-08-27T00:43:37+07:00" level=info at="2024-08-27 00:43:37" ip="[::1]:41780" method=GET payload="map[]" uri="/api/data/city?date=2024-08-22&city=CIAMIS"
time="2024-08-27T00:43:37+07:00" level=info at="2024-08-27 00:43:37" ip="[::1]:41780" method=GET payload="map[]" uri=/api/data/filter
time="2024-08-27T00:43:38+07:00" level=info at="2024-08-27 00:43:38" ip="[::1]:41766" method=GET payload="map[]" uri=/api/data/filter
time="2024-08-27T00:47:38+07:00" level=info at="2024-08-27 00:47:38" ip="[::1]:41766" method=GET payload="map[]" uri="/api/data/city?date=2024-08-22&city=CIAMIS"
time="2024-08-27T00:47:39+07:00" level=info at="2024-08-27 00:47:39" ip="[::1]:41766" method=GET payload="map[]" uri=/api/data/filter
time="2024-08-27T00:50:01+07:00" level=info at="2024-08-27 00:50:01" ip="[::1]:41766" method=GET payload="map[]" uri="/api/data/city?date=2024-08-22&city=CIAMIS"
time="2024-08-27T00:50:03+07:00" level=info at="2024-08-27 00:50:03" ip="[::1]:41766" method=GET payload="map[]" uri="/api/data/city?date=2024-08-22&city=CIAMIS"
time="2024-08-27T00:50:03+07:00" level=info at="2024-08-27 00:50:03" ip="[::1]:46894" method=GET payload="map[]" uri="/api/data/city?date=2024-08-22&city=CIAMIS"
time="2024-08-27T00:50:03+07:00" level=info at="2024-08-27 00:50:03" ip="[::1]:46894" method=GET payload="map[]" uri=/api/data/filter
time="2024-08-27T00:50:03+07:00" level=info at="2024-08-27 00:50:03" ip="[::1]:41766" method=GET payload="map[]" uri=/api/data/filter
time="2024-08-27T00:51:03+07:00" level=info at="2024-08-27 00:51:03" ip="[::1]:41766" method=GET payload="map[]" uri="/api/data/city?date=2024-08-22&city=CIAMIS"
time="2024-08-27T00:51:03+07:00" level=info at="2024-08-27 00:51:03" ip="[::1]:41766" method=GET payload="map[]" uri=/api/data/filter
time="2024-08-27T00:51:08+07:00" level=info at="2024-08-27 00:51:08" ip="[::1]:41766" method=GET payload="map[]" uri="/api/data/city?date=2024-08-22&city=CIAMIS"
time="2024-08-27T00:51:09+07:00" level=info at="2024-08-27 00:51:09" ip="[::1]:41766" method=GET payload="map[]" uri=/api/data/filter
time="2024-08-27T00:51:11+07:00" level=info at="2024-08-27 00:51:11" ip="[::1]:41766" method=GET payload="map[]" uri="/api/data/city?date=2024-08-22&city=CIAMIS"
time="2024-08-27T00:51:11+07:00" level=info at="2024-08-27 00:51:11" ip="[::1]:41766" method=GET payload="map[]" uri=/api/data/filter
time="2024-08-27T00:53:30+07:00" level=info at="2024-08-27 00:53:30" ip="[::1]:41766" method=GET payload="map[]" uri="/api/data/city?date=2024-08-22&city=CIAMIS"
time="2024-08-27T00:53:30+07:00" level=info at="2024-08-27 00:53:30" ip="[::1]:46894" method=GET payload="map[]" uri="/api/data/city?date=2024-08-22&city=CIAMIS"
time="2024-08-27T00:53:30+07:00" level=info at="2024-08-27 00:53:30" ip="[::1]:46894" method=GET payload="map[]" uri=/api/data/filter
time="2024-08-27T00:53:30+07:00" level=info at="2024-08-27 00:53:30" ip="[::1]:41766" method=GET payload="map[]" uri=/api/data/filter
time="2024-08-27T00:53:44+07:00" level=info at="2024-08-27 00:53:44" ip="[::1]:41766" method=GET payload="map[]" uri="/api/data/city?date=2024-08-22&city=CIAMIS"
time="2024-08-27T00:53:44+07:00" level=info at="2024-08-27 00:53:44" ip="[::1]:46894" method=GET payload="map[]" uri="/api/data/city?date=2024-08-22&city=CIAMIS"
time="2024-08-27T00:53:44+07:00" level=info at="2024-08-27 00:53:44" ip="[::1]:46894" method=GET payload="map[]" uri=/api/data/filter
time="2024-08-27T00:53:44+07:00" level=info at="2024-08-27 00:53:44" ip="[::1]:41766" method=GET payload="map[]" uri=/api/data/filter
time="2024-08-27T00:53:54+07:00" level=info at="2024-08-27 00:53:54" ip="[::1]:41766" method=GET payload="map[]" uri="/api/data/city?date=2024-08-22&city=CIAMIS"
time="2024-08-27T00:53:54+07:00" level=info at="2024-08-27 00:53:54" ip="[::1]:46894" method=GET payload="map[]" uri="/api/data/city?date=2024-08-22&city=CIAMIS"
time="2024-08-27T00:53:54+07:00" level=info at="2024-08-27 00:53:54" ip="[::1]:46894" method=GET payload="map[]" uri=/api/data/filter
time="2024-08-27T00:53:54+07:00" level=info at="2024-08-27 00:53:54" ip="[::1]:46894" method=GET payload="map[]" uri=/api/data/filter
time="2024-08-27T00:54:01+07:00" level=info at="2024-08-27 00:54:01" ip="[::1]:46894" method=GET payload="map[]" uri="/api/data/city?date=2024-08-22&city=CIAMIS"
time="2024-08-27T00:54:01+07:00" level=info at="2024-08-27 00:54:01" ip="[::1]:41766" method=GET payload="map[]" uri="/api/data/city?date=2024-08-22&city=CIAMIS"
time="2024-08-27T00:54:01+07:00" level=info at="2024-08-27 00:54:01" ip="[::1]:41766" method=GET payload="map[]" uri=/api/data/filter
time="2024-08-27T00:54:01+07:00" level=info at="2024-08-27 00:54:01" ip="[::1]:46894" method=GET payload="map[]" uri=/api/data/filter
